[debug] [2021-07-08T14:43:29.359Z] ----------------------------------------------------------------------
[debug] [2021-07-08T14:43:29.363Z] Command:       C:\Program Files\nodejs\node.exe C:\Users\DELL\AppData\Roaming\npm\node_modules\firebase-tools\lib\bin\firebase.js deploy
[debug] [2021-07-08T14:43:29.364Z] CLI Version:   9.3.0
[debug] [2021-07-08T14:43:29.364Z] Platform:      win32
[debug] [2021-07-08T14:43:29.365Z] Node Version:  v14.15.0
[debug] [2021-07-08T14:43:29.373Z] Time:          Thu Jul 08 2021 20:13:29 GMT+0530 (India Standard Time)
[debug] [2021-07-08T14:43:29.373Z] ----------------------------------------------------------------------
[debug] [2021-07-08T14:43:29.373Z] 
[debug] [2021-07-08T14:43:29.391Z] > command requires scopes: ["email","openid","https://www.googleapis.com/auth/cloudplatformprojects.readonly","https://www.googleapis.com/auth/firebase","https://www.googleapis.com/auth/cloud-platform"]
[debug] [2021-07-08T14:43:29.392Z] > authorizing via signed-in user
[debug] [2021-07-08T14:43:29.393Z] [iam] checking project blogwebsite-3f492 for permissions ["firebase.projects.get","firebasehosting.sites.update"]
[debug] [2021-07-08T14:43:29.399Z] > refreshing access token with scopes: ["email","https://www.googleapis.com/auth/cloud-platform","https://www.googleapis.com/auth/cloudplatformprojects.readonly","https://www.googleapis.com/auth/firebase","openid"]
[debug] [2021-07-08T14:43:29.399Z] >>> HTTP REQUEST POST https://www.googleapis.com/oauth2/v3/token  
 <request body omitted>
[debug] [2021-07-08T14:43:30.637Z] <<< HTTP RESPONSE 200 {"pragma":"no-cache","expires":"Mon, 01 Jan 1990 00:00:00 GMT","cache-control":"no-cache, no-store, max-age=0, must-revalidate","date":"Thu, 08 Jul 2021 14:43:31 GMT","content-type":"application/json; charset=utf-8","vary":"X-Origin, Referer, Origin,Accept-Encoding","server":"scaffolding on HTTPServer2","x-xss-protection":"0","x-frame-options":"SAMEORIGIN","x-content-type-options":"nosniff","alt-svc":"h3=\":443\"; ma=2592000,h3-29=\":443\"; ma=2592000,h3-T051=\":443\"; ma=2592000,h3-Q050=\":443\"; ma=2592000,h3-Q046=\":443\"; ma=2592000,h3-Q043=\":443\"; ma=2592000,quic=\":443\"; ma=2592000; v=\"46,43\"","accept-ranges":"none","transfer-encoding":"chunked"}
[debug] [2021-07-08T14:43:30.654Z] >>> HTTP REQUEST POST https://cloudresourcemanager.googleapis.com/v1/projects/blogwebsite-3f492:testIamPermissions  
 {"permissions":["firebase.projects.get","firebasehosting.sites.update"]}
[debug] [2021-07-08T14:43:32.610Z] <<< HTTP RESPONSE 200 {"content-type":"application/json; charset=UTF-8","vary":"X-Origin, Referer, Origin,Accept-Encoding","date":"Thu, 08 Jul 2021 14:43:33 GMT","server":"ESF","cache-control":"private","x-xss-protection":"0","x-frame-options":"SAMEORIGIN","x-content-type-options":"nosniff","server-timing":"gfet4t7; dur=1187","alt-svc":"h3=\":443\"; ma=2592000,h3-29=\":443\"; ma=2592000,h3-T051=\":443\"; ma=2592000,h3-Q050=\":443\"; ma=2592000,h3-Q046=\":443\"; ma=2592000,h3-Q043=\":443\"; ma=2592000,quic=\":443\"; ma=2592000; v=\"46,43\"","accept-ranges":"none","transfer-encoding":"chunked"}
[debug] [2021-07-08T14:43:32.615Z] > refreshing access token with scopes: []
[debug] [2021-07-08T14:43:32.616Z] >>> HTTP REQUEST POST https://www.googleapis.com/oauth2/v3/token  
 <request body omitted>
[debug] [2021-07-08T14:43:33.121Z] <<< HTTP RESPONSE 200 {"date":"Thu, 08 Jul 2021 14:43:34 GMT","expires":"Mon, 01 Jan 1990 00:00:00 GMT","cache-control":"no-cache, no-store, max-age=0, must-revalidate","pragma":"no-cache","content-type":"application/json; charset=utf-8","vary":"X-Origin, Referer, Origin,Accept-Encoding","server":"scaffolding on HTTPServer2","x-xss-protection":"0","x-frame-options":"SAMEORIGIN","x-content-type-options":"nosniff","alt-svc":"h3=\":443\"; ma=2592000,h3-29=\":443\"; ma=2592000,h3-T051=\":443\"; ma=2592000,h3-Q050=\":443\"; ma=2592000,h3-Q046=\":443\"; ma=2592000,h3-Q043=\":443\"; ma=2592000,quic=\":443\"; ma=2592000; v=\"46,43\"","accept-ranges":"none","transfer-encoding":"chunked"}
[debug] [2021-07-08T14:43:33.138Z] >>> [apiv2][query] GET https://firebase.googleapis.com/v1beta1/projects/blogwebsite-3f492 [none]
[debug] [2021-07-08T14:43:54.242Z] Failed to make request to https://firebase.googleapis.com/v1beta1/projects/blogwebsite-3f492
[debug] [2021-07-08T14:43:54.757Z] FirebaseError: Failed to make request to https://firebase.googleapis.com/v1beta1/projects/blogwebsite-3f492
    at Client.doRequest (C:\Users\DELL\AppData\Roaming\npm\node_modules\firebase-tools\lib\apiv2.js:200:19)
    at processTicksAndRejections (internal/process/task_queues.js:93:5)
    at async Client.request (C:\Users\DELL\AppData\Roaming\npm\node_modules\firebase-tools\lib\apiv2.js:93:20)
    at async Object.getFirebaseProject (C:\Users\DELL\AppData\Roaming\npm\node_modules\firebase-tools\lib\management\projects.js:289:21)
    at async Object.getDefaultHostingSite (C:\Users\DELL\AppData\Roaming\npm\node_modules\firebase-tools\lib\getDefaultHostingSite.js:8:21)
    at async requireHostingSite (C:\Users\DELL\AppData\Roaming\npm\node_modules\firebase-tools\lib\requireHostingSite.js:9:18)
    at async Object.fn (C:\Users\DELL\AppData\Roaming\npm\node_modules\firebase-tools\lib\commands\deploy.js:66:9)
    at async C:\Users\DELL\AppData\Roaming\npm\node_modules\firebase-tools\lib\command.js:161:17
[error] 
[error] Error: Failed to get Firebase project blogwebsite-3f492. Please make sure the project exists and your account has permission to access it.
[debug] [2021-07-08T14:44:57.596Z] ----------------------------------------------------------------------
[debug] [2021-07-08T14:44:57.600Z] Command:       C:\Program Files\nodejs\node.exe C:\Users\DELL\AppData\Roaming\npm\node_modules\firebase-tools\lib\bin\firebase.js init
[debug] [2021-07-08T14:44:57.601Z] CLI Version:   9.3.0
[debug] [2021-07-08T14:44:57.601Z] Platform:      win32
[debug] [2021-07-08T14:44:57.601Z] Node Version:  v14.15.0
[debug] [2021-07-08T14:44:57.604Z] Time:          Thu Jul 08 2021 20:14:57 GMT+0530 (India Standard Time)
[debug] [2021-07-08T14:44:57.604Z] ----------------------------------------------------------------------
[debug] [2021-07-08T14:44:57.604Z] 
[debug] [2021-07-08T14:44:57.618Z] > command requires scopes: ["email","openid","https://www.googleapis.com/auth/cloudplatformprojects.readonly","https://www.googleapis.com/auth/firebase","https://www.googleapis.com/auth/cloud-platform"]
[debug] [2021-07-08T14:44:57.620Z] > authorizing via signed-in user
[info] 
     ######## #### ########  ######## ########     ###     ######  ########
     ##        ##  ##     ## ##       ##     ##  ##   ##  ##       ##
     ######    ##  ########  ######   ########  #########  ######  ######
     ##        ##  ##    ##  ##       ##     ## ##     ##       ## ##
     ##       #### ##     ## ######## ########  ##     ##  ######  ########

You're about to initialize a Firebase project in this directory:

  C:\Users\DELL\Desktop\blogWebsite

Before we get started, keep in mind:

  * You are initializing in an existing Firebase project directory

[info] 
=== Project Setup
[info] 
[info] First, let's associate this project directory with a Firebase project.
[info] You can create multiple project aliases by running firebase use --add, 
[info] but for now we'll just set up a default project.
[info] 
[info] i  .firebaserc already has a default project, using blogwebsite-3f492. 
[debug] [2021-07-08T14:45:02.763Z] >>> [apiv2][query] GET https://firebase.googleapis.com/v1beta1/projects/blogwebsite-3f492 [none]
[debug] [2021-07-08T14:45:23.843Z] Failed to make request to https://firebase.googleapis.com/v1beta1/projects/blogwebsite-3f492
[debug] [2021-07-08T14:45:24.571Z] FirebaseError: Failed to make request to https://firebase.googleapis.com/v1beta1/projects/blogwebsite-3f492
    at Client.doRequest (C:\Users\DELL\AppData\Roaming\npm\node_modules\firebase-tools\lib\apiv2.js:200:19)
    at processTicksAndRejections (internal/process/task_queues.js:93:5)
    at async Client.request (C:\Users\DELL\AppData\Roaming\npm\node_modules\firebase-tools\lib\apiv2.js:93:20)
    at async Object.getFirebaseProject (C:\Users\DELL\AppData\Roaming\npm\node_modules\firebase-tools\lib\management\projects.js:289:21)
    at async Object.doSetup [as project] (C:\Users\DELL\AppData\Roaming\npm\node_modules\firebase-tools\lib\init\features\project.js:77:27)
    at async init (C:\Users\DELL\AppData\Roaming\npm\node_modules\firebase-tools\lib\init\index.js:19:9)
[error] 
[error] Error: Failed to get Firebase project blogwebsite-3f492. Please make sure the project exists and your account has permission to access it.
[debug] [2021-07-08T14:45:31.453Z] ----------------------------------------------------------------------
[debug] [2021-07-08T14:45:31.459Z] Command:       C:\Program Files\nodejs\node.exe C:\Users\DELL\AppData\Roaming\npm\node_modules\firebase-tools\lib\bin\firebase.js init
[debug] [2021-07-08T14:45:31.460Z] CLI Version:   9.3.0
[debug] [2021-07-08T14:45:31.460Z] Platform:      win32
[debug] [2021-07-08T14:45:31.460Z] Node Version:  v14.15.0
[debug] [2021-07-08T14:45:31.462Z] Time:          Thu Jul 08 2021 20:15:31 GMT+0530 (India Standard Time)
[debug] [2021-07-08T14:45:31.463Z] ----------------------------------------------------------------------
[debug] [2021-07-08T14:45:31.463Z] 
[debug] [2021-07-08T14:45:31.476Z] > command requires scopes: ["email","openid","https://www.googleapis.com/auth/cloudplatformprojects.readonly","https://www.googleapis.com/auth/firebase","https://www.googleapis.com/auth/cloud-platform"]
[debug] [2021-07-08T14:45:31.477Z] > authorizing via signed-in user
[info] 
     ######## #### ########  ######## ########     ###     ######  ########
     ##        ##  ##     ## ##       ##     ##  ##   ##  ##       ##
     ######    ##  ########  ######   ########  #########  ######  ######
     ##        ##  ##    ##  ##       ##     ## ##     ##       ## ##
     ##       #### ##     ## ######## ########  ##     ##  ######  ########

You're about to initialize a Firebase project in this directory:

  C:\Users\DELL\Desktop\blogWebsite

Before we get started, keep in mind:

  * You are initializing in an existing Firebase project directory

[info] 
=== Project Setup
[info] 
[info] First, let's associate this project directory with a Firebase project.
[info] You can create multiple project aliases by running firebase use --add, 
[info] but for now we'll just set up a default project.
[info] 
[info] i  .firebaserc already has a default project, using blogwebsite-3f492. 
[debug] [2021-07-08T14:45:36.335Z] >>> [apiv2][query] GET https://firebase.googleapis.com/v1beta1/projects/blogwebsite-3f492 [none]
[debug] [2021-07-08T14:45:57.432Z] Failed to make request to https://firebase.googleapis.com/v1beta1/projects/blogwebsite-3f492
[debug] [2021-07-08T14:45:58.022Z] FirebaseError: Failed to make request to https://firebase.googleapis.com/v1beta1/projects/blogwebsite-3f492
    at Client.doRequest (C:\Users\DELL\AppData\Roaming\npm\node_modules\firebase-tools\lib\apiv2.js:200:19)
    at processTicksAndRejections (internal/process/task_queues.js:93:5)
    at async Client.request (C:\Users\DELL\AppData\Roaming\npm\node_modules\firebase-tools\lib\apiv2.js:93:20)
    at async Object.getFirebaseProject (C:\Users\DELL\AppData\Roaming\npm\node_modules\firebase-tools\lib\management\projects.js:289:21)
    at async Object.doSetup [as project] (C:\Users\DELL\AppData\Roaming\npm\node_modules\firebase-tools\lib\init\features\project.js:77:27)
    at async init (C:\Users\DELL\AppData\Roaming\npm\node_modules\firebase-tools\lib\init\index.js:19:9)
[error] 
[error] Error: Failed to get Firebase project blogwebsite-3f492. Please make sure the project exists and your account has permission to access it.
[debug] [2021-07-08T14:46:10.686Z] ----------------------------------------------------------------------
[debug] [2021-07-08T14:46:10.689Z] Command:       C:\Program Files\nodejs\node.exe C:\Users\DELL\AppData\Roaming\npm\node_modules\firebase-tools\lib\bin\firebase.js deploy
[debug] [2021-07-08T14:46:10.690Z] CLI Version:   9.3.0
[debug] [2021-07-08T14:46:10.690Z] Platform:      win32
[debug] [2021-07-08T14:46:10.690Z] Node Version:  v14.15.0
[debug] [2021-07-08T14:46:10.691Z] Time:          Thu Jul 08 2021 20:16:10 GMT+0530 (India Standard Time)
[debug] [2021-07-08T14:46:10.692Z] ----------------------------------------------------------------------
[debug] [2021-07-08T14:46:10.692Z] 
[debug] [2021-07-08T14:46:10.703Z] > command requires scopes: ["email","openid","https://www.googleapis.com/auth/cloudplatformprojects.readonly","https://www.googleapis.com/auth/firebase","https://www.googleapis.com/auth/cloud-platform"]
[debug] [2021-07-08T14:46:10.705Z] > authorizing via signed-in user
[debug] [2021-07-08T14:46:10.705Z] [iam] checking project blogwebsite-3f492 for permissions ["firebase.projects.get","firebasehosting.sites.update"]
[debug] [2021-07-08T14:46:10.709Z] > refreshing access token with scopes: ["email","https://www.googleapis.com/auth/cloud-platform","https://www.googleapis.com/auth/cloudplatformprojects.readonly","https://www.googleapis.com/auth/firebase","openid"]
[debug] [2021-07-08T14:46:10.709Z] >>> HTTP REQUEST POST https://www.googleapis.com/oauth2/v3/token  
 <request body omitted>
[debug] [2021-07-08T14:46:11.334Z] <<< HTTP RESPONSE 200 {"expires":"Mon, 01 Jan 1990 00:00:00 GMT","date":"Thu, 08 Jul 2021 14:46:12 GMT","pragma":"no-cache","cache-control":"no-cache, no-store, max-age=0, must-revalidate","content-type":"application/json; charset=utf-8","vary":"X-Origin, Referer, Origin,Accept-Encoding","server":"scaffolding on HTTPServer2","x-xss-protection":"0","x-frame-options":"SAMEORIGIN","x-content-type-options":"nosniff","alt-svc":"h3=\":443\"; ma=2592000,h3-29=\":443\"; ma=2592000,h3-T051=\":443\"; ma=2592000,h3-Q050=\":443\"; ma=2592000,h3-Q046=\":443\"; ma=2592000,h3-Q043=\":443\"; ma=2592000,quic=\":443\"; ma=2592000; v=\"46,43\"","accept-ranges":"none","transfer-encoding":"chunked"}
[debug] [2021-07-08T14:46:11.350Z] >>> HTTP REQUEST POST https://cloudresourcemanager.googleapis.com/v1/projects/blogwebsite-3f492:testIamPermissions  
 {"permissions":["firebase.projects.get","firebasehosting.sites.update"]}
[debug] [2021-07-08T14:46:13.375Z] <<< HTTP RESPONSE 200 {"content-type":"application/json; charset=UTF-8","vary":"X-Origin, Referer, Origin,Accept-Encoding","date":"Thu, 08 Jul 2021 14:46:14 GMT","server":"ESF","cache-control":"private","x-xss-protection":"0","x-frame-options":"SAMEORIGIN","x-content-type-options":"nosniff","server-timing":"gfet4t7; dur=1147","alt-svc":"h3=\":443\"; ma=2592000,h3-29=\":443\"; ma=2592000,h3-T051=\":443\"; ma=2592000,h3-Q050=\":443\"; ma=2592000,h3-Q046=\":443\"; ma=2592000,h3-Q043=\":443\"; ma=2592000,quic=\":443\"; ma=2592000; v=\"46,43\"","accept-ranges":"none","transfer-encoding":"chunked"}
[debug] [2021-07-08T14:46:13.378Z] > refreshing access token with scopes: []
[debug] [2021-07-08T14:46:13.379Z] >>> HTTP REQUEST POST https://www.googleapis.com/oauth2/v3/token  
 <request body omitted>
[debug] [2021-07-08T14:46:13.988Z] <<< HTTP RESPONSE 200 {"expires":"Mon, 01 Jan 1990 00:00:00 GMT","pragma":"no-cache","cache-control":"no-cache, no-store, max-age=0, must-revalidate","date":"Thu, 08 Jul 2021 14:46:15 GMT","content-type":"application/json; charset=utf-8","vary":"X-Origin, Referer, Origin,Accept-Encoding","server":"scaffolding on HTTPServer2","x-xss-protection":"0","x-frame-options":"SAMEORIGIN","x-content-type-options":"nosniff","alt-svc":"h3=\":443\"; ma=2592000,h3-29=\":443\"; ma=2592000,h3-T051=\":443\"; ma=2592000,h3-Q050=\":443\"; ma=2592000,h3-Q046=\":443\"; ma=2592000,h3-Q043=\":443\"; ma=2592000,quic=\":443\"; ma=2592000; v=\"46,43\"","accept-ranges":"none","transfer-encoding":"chunked"}
[debug] [2021-07-08T14:46:14.017Z] >>> [apiv2][query] GET https://firebase.googleapis.com/v1beta1/projects/blogwebsite-3f492 [none]
[debug] [2021-07-08T14:46:35.059Z] Failed to make request to https://firebase.googleapis.com/v1beta1/projects/blogwebsite-3f492
[debug] [2021-07-08T14:46:35.549Z] FirebaseError: Failed to make request to https://firebase.googleapis.com/v1beta1/projects/blogwebsite-3f492
    at Client.doRequest (C:\Users\DELL\AppData\Roaming\npm\node_modules\firebase-tools\lib\apiv2.js:200:19)
    at processTicksAndRejections (internal/process/task_queues.js:93:5)
    at async Client.request (C:\Users\DELL\AppData\Roaming\npm\node_modules\firebase-tools\lib\apiv2.js:93:20)
    at async Object.getFirebaseProject (C:\Users\DELL\AppData\Roaming\npm\node_modules\firebase-tools\lib\management\projects.js:289:21)
    at async Object.getDefaultHostingSite (C:\Users\DELL\AppData\Roaming\npm\node_modules\firebase-tools\lib\getDefaultHostingSite.js:8:21)
    at async requireHostingSite (C:\Users\DELL\AppData\Roaming\npm\node_modules\firebase-tools\lib\requireHostingSite.js:9:18)
    at async Object.fn (C:\Users\DELL\AppData\Roaming\npm\node_modules\firebase-tools\lib\commands\deploy.js:66:9)
    at async C:\Users\DELL\AppData\Roaming\npm\node_modules\firebase-tools\lib\command.js:161:17
[error] 
[error] Error: Failed to get Firebase project blogwebsite-3f492. Please make sure the project exists and your account has permission to access it.
[debug] [2021-07-08T14:47:00.844Z] ----------------------------------------------------------------------
[debug] [2021-07-08T14:47:00.847Z] Command:       C:\Program Files\nodejs\node.exe C:\Users\DELL\AppData\Roaming\npm\node_modules\firebase-tools\lib\bin\firebase.js deploy
[debug] [2021-07-08T14:47:00.848Z] CLI Version:   9.3.0
[debug] [2021-07-08T14:47:00.849Z] Platform:      win32
[debug] [2021-07-08T14:47:00.849Z] Node Version:  v14.15.0
[debug] [2021-07-08T14:47:00.850Z] Time:          Thu Jul 08 2021 20:17:00 GMT+0530 (India Standard Time)
[debug] [2021-07-08T14:47:00.851Z] ----------------------------------------------------------------------
[debug] [2021-07-08T14:47:00.851Z] 
[debug] [2021-07-08T14:47:00.864Z] > command requires scopes: ["email","openid","https://www.googleapis.com/auth/cloudplatformprojects.readonly","https://www.googleapis.com/auth/firebase","https://www.googleapis.com/auth/cloud-platform"]
[debug] [2021-07-08T14:47:00.865Z] > authorizing via signed-in user
[debug] [2021-07-08T14:47:00.866Z] [iam] checking project blogwebsite-3f492 for permissions ["firebase.projects.get","firebasehosting.sites.update"]
[debug] [2021-07-08T14:47:00.871Z] > refreshing access token with scopes: ["email","https://www.googleapis.com/auth/cloud-platform","https://www.googleapis.com/auth/cloudplatformprojects.readonly","https://www.googleapis.com/auth/firebase","openid"]
[debug] [2021-07-08T14:47:00.871Z] >>> HTTP REQUEST POST https://www.googleapis.com/oauth2/v3/token  
 <request body omitted>
[debug] [2021-07-08T14:47:01.413Z] <<< HTTP RESPONSE 200 {"expires":"Mon, 01 Jan 1990 00:00:00 GMT","date":"Thu, 08 Jul 2021 14:47:02 GMT","cache-control":"no-cache, no-store, max-age=0, must-revalidate","pragma":"no-cache","content-type":"application/json; charset=utf-8","vary":"X-Origin, Referer, Origin,Accept-Encoding","server":"scaffolding on HTTPServer2","x-xss-protection":"0","x-frame-options":"SAMEORIGIN","x-content-type-options":"nosniff","alt-svc":"h3=\":443\"; ma=2592000,h3-29=\":443\"; ma=2592000,h3-T051=\":443\"; ma=2592000,h3-Q050=\":443\"; ma=2592000,h3-Q046=\":443\"; ma=2592000,h3-Q043=\":443\"; ma=2592000,quic=\":443\"; ma=2592000; v=\"46,43\"","accept-ranges":"none","transfer-encoding":"chunked"}
[debug] [2021-07-08T14:47:01.428Z] >>> HTTP REQUEST POST https://cloudresourcemanager.googleapis.com/v1/projects/blogwebsite-3f492:testIamPermissions  
 {"permissions":["firebase.projects.get","firebasehosting.sites.update"]}
[debug] [2021-07-08T14:47:03.138Z] <<< HTTP RESPONSE 200 {"content-type":"application/json; charset=UTF-8","vary":"X-Origin, Referer, Origin,Accept-Encoding","date":"Thu, 08 Jul 2021 14:47:04 GMT","server":"ESF","cache-control":"private","x-xss-protection":"0","x-frame-options":"SAMEORIGIN","x-content-type-options":"nosniff","server-timing":"gfet4t7; dur=1166","alt-svc":"h3=\":443\"; ma=2592000,h3-29=\":443\"; ma=2592000,h3-T051=\":443\"; ma=2592000,h3-Q050=\":443\"; ma=2592000,h3-Q046=\":443\"; ma=2592000,h3-Q043=\":443\"; ma=2592000,quic=\":443\"; ma=2592000; v=\"46,43\"","accept-ranges":"none","transfer-encoding":"chunked"}
[debug] [2021-07-08T14:47:03.143Z] > refreshing access token with scopes: []
[debug] [2021-07-08T14:47:03.143Z] >>> HTTP REQUEST POST https://www.googleapis.com/oauth2/v3/token  
 <request body omitted>
[debug] [2021-07-08T14:47:03.624Z] <<< HTTP RESPONSE 200 {"cache-control":"no-cache, no-store, max-age=0, must-revalidate","pragma":"no-cache","expires":"Mon, 01 Jan 1990 00:00:00 GMT","date":"Thu, 08 Jul 2021 14:47:04 GMT","content-type":"application/json; charset=utf-8","vary":"X-Origin, Referer, Origin,Accept-Encoding","server":"scaffolding on HTTPServer2","x-xss-protection":"0","x-frame-options":"SAMEORIGIN","x-content-type-options":"nosniff","alt-svc":"h3=\":443\"; ma=2592000,h3-29=\":443\"; ma=2592000,h3-T051=\":443\"; ma=2592000,h3-Q050=\":443\"; ma=2592000,h3-Q046=\":443\"; ma=2592000,h3-Q043=\":443\"; ma=2592000,quic=\":443\"; ma=2592000; v=\"46,43\"","accept-ranges":"none","transfer-encoding":"chunked"}
[debug] [2021-07-08T14:47:03.650Z] >>> [apiv2][query] GET https://firebase.googleapis.com/v1beta1/projects/blogwebsite-3f492 [none]
[debug] [2021-07-08T14:47:24.686Z] Failed to make request to https://firebase.googleapis.com/v1beta1/projects/blogwebsite-3f492
[debug] [2021-07-08T14:47:27.579Z] FirebaseError: Failed to make request to https://firebase.googleapis.com/v1beta1/projects/blogwebsite-3f492
    at Client.doRequest (C:\Users\DELL\AppData\Roaming\npm\node_modules\firebase-tools\lib\apiv2.js:200:19)
    at processTicksAndRejections (internal/process/task_queues.js:93:5)
    at async Client.request (C:\Users\DELL\AppData\Roaming\npm\node_modules\firebase-tools\lib\apiv2.js:93:20)
    at async Object.getFirebaseProject (C:\Users\DELL\AppData\Roaming\npm\node_modules\firebase-tools\lib\management\projects.js:289:21)
    at async Object.getDefaultHostingSite (C:\Users\DELL\AppData\Roaming\npm\node_modules\firebase-tools\lib\getDefaultHostingSite.js:8:21)
    at async requireHostingSite (C:\Users\DELL\AppData\Roaming\npm\node_modules\firebase-tools\lib\requireHostingSite.js:9:18)
    at async Object.fn (C:\Users\DELL\AppData\Roaming\npm\node_modules\firebase-tools\lib\commands\deploy.js:66:9)
    at async C:\Users\DELL\AppData\Roaming\npm\node_modules\firebase-tools\lib\command.js:161:17
[error] 
[error] Error: Failed to get Firebase project blogwebsite-3f492. Please make sure the project exists and your account has permission to access it.
